-- theo_stock.sql
--  Stock the tables for the Theodolite system
-- 2004-Sept-10
-- People responsible for administering Theo
INSERT INTO admins (name,password,email_name,email_domain) VALUES ('ftpmaint','','ftpmaint','localhost');
INSERT 1914087 1
-- question types
-- Just a comment -- no radio boxes at all
INSERT INTO question_types (type,description,multiple,quantitative,bar_chart,html) VALUES ('comment','Comment only',TRUE,FALSE,FALSE,'<input type="text" name="%s" size="80" maxlength="240" />');
INSERT 1914088 1
-- Just a comment -- room for a paragraph
INSERT INTO question_types (type,description,multiple,quantitative,bar_chart,html) VALUES ('paragraphcomment','Comment only, paragraph size',TRUE,FALSE,FALSE,'<textarea name="%s" cols="80" rows="10" />');
INSERT 1914089 1
-- True or false
INSERT INTO question_types (type,description,multiple,quantitative,bar_chart,html) VALUES ('tftruechecked','True or False, True prechecked',FALSE,FALSE,TRUE,'<table class="tf"><tr><td><input type="radio" name="%s" value="true" checked="checked"/>True</td> <td><input type="radio" name="%s" value="false" />False</td></tr></table>\n');
INSERT 1914090 1
INSERT INTO legal_answers (q_type,answer) VALUES ('tftruechecked','true');
INSERT 1914091 1
INSERT INTO legal_answers (q_type,answer) VALUES ('tftruechecked','false');
INSERT 1914092 1
INSERT INTO question_types (type,description,multiple,quantitative,bar_chart,html) VALUES ('tffalsechecked','True or False, False prechecked',FALSE,FALSE,TRUE,'<table class="tf"><tr><td><input type="radio" name="%s" value="true" />True</td> <td><input type="radio" name="%s" value="false" checked="checked"/>False</td></tr></table>\n');
INSERT 1914093 1
INSERT INTO legal_answers (q_type,answer) VALUES ('tffalsechecked','true');
INSERT 1914094 1
INSERT INTO legal_answers (q_type,answer) VALUES ('tffalsechecked','false');
INSERT 1914095 1
-- True or false or undecided
INSERT INTO question_types (type,description,multiple,quantitative,bar_chart,html) VALUES ('tfutruechecked','True or False or Undecided, True prechecked',FALSE,FALSE,TRUE,'<table class="tfu"><tr><td><input type="radio" name="%s" value="true" checked="checked"/>True</td> <td><input type="radio" name="%s" value="false" />False</td> <td><input type="radio" name="%s" value="undecided" />Undecided</td></tr></table>\n');
INSERT 1914096 1
INSERT INTO legal_answers (q_type,answer) VALUES ('tfutruechecked','true');
INSERT 1914097 1
INSERT INTO legal_answers (q_type,answer) VALUES ('tfutruechecked','false');
INSERT 1914098 1
INSERT INTO legal_answers (q_type,answer) VALUES ('tfutruechecked','undecided');
INSERT 1914099 1
INSERT INTO question_types (type,description,multiple,quantitative,bar_chart,html) VALUES ('tfufalsechecked','True or False or Undecided, False prechecked',FALSE,FALSE,TRUE,'<table class="tfu"><tr><td><input type="radio" name="%s" value="true" />True</td> <td><input type="radio" name="%s" value="false" checked="checked"/>False</td> <td><input type="radio" name="%s" value="undecided" />Undecided</td></tr></table>\n');
INSERT 1914100 1
INSERT INTO legal_answers (q_type,answer) VALUES ('tfufalsechecked','true');
INSERT 1914101 1
INSERT INTO legal_answers (q_type,answer) VALUES ('tfufalsechecked','false');
INSERT 1914102 1
INSERT INTO legal_answers (q_type,answer) VALUES ('tfufalsechecked','undecided');
INSERT 1914103 1
INSERT INTO question_types (type,description,multiple,quantitative,bar_chart,html) VALUES ('tfuundecidedchecked','True or False or Undecided, True prechecked',FALSE,FALSE,TRUE,'<table class="tfu"><tr><td><input type="radio" name="%s" value="true" />True</td> <td><input type="radio" name="%s" value="false" />False</td> <td><input type="radio" name="%s" value="undecided" checked="checked" />Undecided</td></tr></table>\n');
INSERT 1914104 1
INSERT INTO legal_answers (q_type,answer) VALUES ('tfuundecidedchecked','true');
INSERT 1914105 1
INSERT INTO legal_answers (q_type,answer) VALUES ('tfuundecidedchecked','false');
INSERT 1914106 1
INSERT INTO legal_answers (q_type,answer) VALUES ('tfuundecidedchecked','undecided');
INSERT 1914107 1
-- yes or no
INSERT INTO question_types (type,description,multiple,quantitative,bar_chart,html) VALUES ('ynyeschecked','Yes or No, Yes prechecked',FALSE,FALSE,TRUE,'<table class="yn"><tr><td><input type="radio" name="%s" value="yes" checked="checked"/>Yes</td> <td><input type="radio" name="%s" value="no" />No</td></tr></table>\n');
INSERT 1914108 1
INSERT INTO legal_answers (q_type,answer) VALUES ('ynyeschecked','yes');
INSERT 1914109 1
INSERT INTO legal_answers (q_type,answer) VALUES ('ynyeschecked','no');
INSERT 1914110 1
INSERT INTO question_types (type,description,multiple,quantitative,bar_chart,html) VALUES ('ynnochecked','Yes or No, No prechecked',FALSE,FALSE,TRUE,'<table class="yn"><tr><td><input type="radio" name="%s" value="yes" checked="checked"/>Yes</td> <td><input type="radio" name="%s" value="no" checked="checked"/>No</td></tr></table>\n');
INSERT 1914111 1
INSERT INTO legal_answers (q_type,answer) VALUES ('ynnochecked','yes');
INSERT 1914112 1
INSERT INTO legal_answers (q_type,answer) VALUES ('ynnochecked','no');
INSERT 1914113 1
-- yes or no or undecided
INSERT INTO question_types (type,description,multiple,quantitative,bar_chart,html) VALUES ('ynuyeschecked','Yes or No or Undecided, Yes prechecked',FALSE,FALSE,TRUE,'<table class="ynu"><tr><td><input type="radio" name="%s" value="yes" checked="checked"/>Yes</td> <td><input type="radio" name="%s" value="no" />No</td> <td><input type="radio" name="%s" value="undecided" />Undecided</td></tr></table>\n');
INSERT 1914114 1
INSERT INTO legal_answers (q_type,answer) VALUES ('ynuyeschecked','yes');
INSERT 1914115 1
INSERT INTO legal_answers (q_type,answer) VALUES ('ynuyeschecked','no');
INSERT 1914116 1
INSERT INTO legal_answers (q_type,answer) VALUES ('ynuyeschecked','undecided');
INSERT 1914117 1
INSERT INTO question_types (type,description,multiple,quantitative,bar_chart,html) VALUES ('ynunochecked','Yes or No or Undecided, No prechecked',FALSE,FALSE,TRUE,'<table class="ynu"><tr><td><input type="radio" name="%s" value="yes" />Yes</td> <td><input type="radio" name="%s" value="no" checked="checked"/>No</td> <td><input type="radio" name="%s" value="undecided" />Undecided</td></tr></table>\n');
INSERT 1914118 1
INSERT INTO legal_answers (q_type,answer) VALUES ('ynunochecked','yes');
INSERT 1914119 1
INSERT INTO legal_answers (q_type,answer) VALUES ('ynunochecked','no');
INSERT 1914120 1
INSERT INTO legal_answers (q_type,answer) VALUES ('ynunochecked','undecided');
INSERT 1914121 1
INSERT INTO question_types (type,description,multiple,quantitative,bar_chart,html) VALUES ('ynuundecidedchecked','Yes or No or Undecided, Yes prechecked',FALSE,FALSE,TRUE,'<table class="ynu"><tr><td><input type="radio" name="%s" value="yes" />Yes</td> <td><input type="radio" name="%s" value="no" />No</td> <td><input type="radio" name="%s" value="undecided" checked="checked" />Undecided</td></tr></table>\n');
INSERT 1914122 1
INSERT INTO legal_answers (q_type,answer) VALUES ('ynuundecidedchecked','yes');
INSERT 1914123 1
INSERT INTO legal_answers (q_type,answer) VALUES ('ynuundecidedchecked','no');
INSERT 1914124 1
INSERT INTO legal_answers (q_type,answer) VALUES ('ynuundecidedchecked','undecided');
INSERT 1914125 1
-- satisfaction one to five
INSERT INTO question_types (type,description,multiple,quantitative,bar_chart,html) VALUES ('satisnoopinchecked','Satisfaction one to five or Undecided, Undecided prechecked',FALSE,TRUE,TRUE,'<table class="satis">\n  <tr><td><table><tr><td>Quite</td></tr><tr><td>Satisfied</td></tr></table></td> <td><table><tr><td>Moderately</td></tr><tr><td>Satisfied</td></tr></table></td> <td><table><tr><td>Neutral</td></tr></table></td> <td><table><tr><td>Moderately</td></tr><tr><td>Dissatisfied</td></tr></table></td> <td><table><tr><td>Quite</td></tr><tr><td>Dissatisfied</td></tr></table></td> <td><table><tr><td>Undecided</td></tr></table></td></tr>\n  <tr><td><input type="radio" name="%s" value="1" /></td> <td><input type="radio" name="%s" value="2" /></td> <td><input type="radio" name="%s" value="3" /></td> <td><input type="radio" name="%s" value="4" /></td> <td><input type="radio" name="%s" value="5" /></td> <td><input type="radio" name="%s" value="0" checked="checked"/></td></tr></table>');
INSERT 1914126 1
INSERT INTO legal_answers (q_type,answer) VALUES ('satisnoopinchecked','0');
INSERT 1914127 1
INSERT INTO legal_answers (q_type,answer) VALUES ('satisnoopinchecked','1');
INSERT 1914128 1
INSERT INTO legal_answers (q_type,answer) VALUES ('satisnoopinchecked','2');
INSERT 1914129 1
INSERT INTO legal_answers (q_type,answer) VALUES ('satisnoopinchecked','3');
INSERT 1914130 1
INSERT INTO legal_answers (q_type,answer) VALUES ('satisnoopinchecked','4');
INSERT 1914131 1
INSERT INTO legal_answers (q_type,answer) VALUES ('satisnoopinchecked','5');
INSERT 1914132 1
INSERT INTO question_types (type,description,multiple,quantitative,bar_chart,html) VALUES ('satisneutralchecked','Satisfaction one to five or Undecided, Neutral prechecked',FALSE,TRUE,TRUE,'<table class="satis">\n  <tr><td><table><tr><td>Quite</td></tr><tr><td>Satisfied</td></tr></table></td> <td><table><tr><td>Moderately</td></tr><tr><td>Satisfied</td></tr></table></td> <td><table><tr><td>Neutral</td></tr></table></td> <td><table><tr><td>Moderately</td></tr><tr><td>Dissatisfied</td></tr></table></td> <td><table><tr><td>Quite</td></tr><tr><td>Dissatisfied</td></tr></table></td></tr>\n  <tr><td><input type="radio" name="%s" value="1" /></td> <td><input type="radio" name="%s" value="2" /></td> <td><input type="radio" name="%s" value="3" checked="checked"/></td> <td><input type="radio" name="%s" value="4" /></td> <td><input type="radio" name="%s" value="5" /></td> </tr></table>');
INSERT 1914133 1
INSERT INTO legal_answers (q_type,answer) VALUES ('satisneutralchecked','0');
INSERT 1914134 1
INSERT INTO legal_answers (q_type,answer) VALUES ('satisneutralchecked','1');
INSERT 1914135 1
INSERT INTO legal_answers (q_type,answer) VALUES ('satisneutralchecked','2');
INSERT 1914136 1
INSERT INTO legal_answers (q_type,answer) VALUES ('satisneutralchecked','3');
INSERT 1914137 1
INSERT INTO legal_answers (q_type,answer) VALUES ('satisneutralchecked','4');
INSERT 1914138 1
INSERT INTO legal_answers (q_type,answer) VALUES ('satisneutralchecked','5');
INSERT 1914139 1
-- level of agreement
INSERT INTO question_types (type,description,multiple,quantitative,bar_chart,html) VALUES ('levelofagreement','Level of agreement',FALSE,TRUE,TRUE,'<table class="levelofagreement">\n  <tr><td><table><tr><td>Strongly</td></tr><tr><td>Agree</td></tr></table></td> <td><table><tr><td></td></tr><tr><td>Agree</td></tr></table></td> <td><table><tr><td>Neutral</td></tr></table></td> <td><table><tr><td></td></tr><tr><td>Disagree</td></tr></table></td> <td><table><tr><td>Strongly</td></tr><tr><td>Disagree</td></tr></table></td> </tr>\n  <tr><td><input type="radio" name="%s" value="1" /></td> <td><input type="radio" name="%s" value="2" /></td> <td><input type="radio" name="%s" value="3" /></td> <td><input type="radio" name="%s" value="4" /></td> <td><input type="radio" name="%s" value="5" /></td> </tr></table>');
INSERT 1914140 1
INSERT INTO legal_answers (q_type,answer) VALUES ('levelofagreement','1');
INSERT 1914141 1
INSERT INTO legal_answers (q_type,answer) VALUES ('levelofagreement','2');
INSERT 1914142 1
INSERT INTO legal_answers (q_type,answer) VALUES ('levelofagreement','3');
INSERT 1914143 1
INSERT INTO legal_answers (q_type,answer) VALUES ('levelofagreement','4');
INSERT 1914144 1
INSERT INTO legal_answers (q_type,answer) VALUES ('levelofagreement','5');
INSERT 1914145 1
-- how much three
INSERT INTO question_types (type,description,multiple,quantitative,bar_chart,html) VALUES ('howmuchthree','How much, three choices',FALSE,TRUE,TRUE,'<table class="howmuchthree">\n  <tr><td>Too little</td> <td>Too much</td> <td>Just about right</td> </tr>\n  <tr><td><input type="radio" name="%s" value="1" /></td> <td><input type="radio" name="%s" value="2" /></td> <td><input type="radio" name="%s" value="3" /></td> </tr></table>');
INSERT 1914146 1
INSERT INTO legal_answers (q_type,answer) VALUES ('howmuchthree','1');
INSERT 1914147 1
INSERT INTO legal_answers (q_type,answer) VALUES ('howmuchthree','2');
INSERT 1914148 1
INSERT INTO legal_answers (q_type,answer) VALUES ('howmuchthree','3');
INSERT 1914149 1
-- how much four
INSERT INTO question_types (type,description,multiple,quantitative,bar_chart,html) VALUES ('howmuchfour','How much, four choices',FALSE,TRUE,TRUE,'<table class="howmuchfour">\n  <tr><td>Very little</td> <td>Some</td> <td>Quite a bit</td> <td>Very much</td> </tr>\n  <tr><td><input type="radio" name="%s" value="1" /></td> <td><input type="radio" name="%s" value="2" /></td> <td><input type="radio" name="%s" value="3" /></td> <td><input type="radio" name="%s" value="4" /></td> </tr></table>');
INSERT 1914150 1
INSERT INTO legal_answers (q_type,answer) VALUES ('howmuchfour','1');
INSERT 1914151 1
INSERT INTO legal_answers (q_type,answer) VALUES ('howmuchfour','2');
INSERT 1914152 1
INSERT INTO legal_answers (q_type,answer) VALUES ('howmuchfour','3');
INSERT 1914153 1
INSERT INTO legal_answers (q_type,answer) VALUES ('howmuchfour','4');
INSERT 1914154 1
-- level of concern
INSERT INTO question_types (type,description,multiple,quantitative,bar_chart,html) VALUES ('levelofconcern','Level of concern',FALSE,TRUE,TRUE,'<table class="howmuchfour">\n  <tr><td>Very concerned</td> <td>Concerned</td> <td>Somewhat concerned</td> <td>Not concerned</td> </tr>\n  <tr><td><input type="radio" name="%s" value="1" /></td> <td><input type="radio" name="%s" value="2" /></td> <td><input type="radio" name="%s" value="3" /></td> <td><input type="radio" name="%s" value="4" /></td> </tr></table>');
INSERT 1914155 1
INSERT INTO legal_answers (q_type,answer) VALUES ('levelofconcern','1');
INSERT 1914156 1
INSERT INTO legal_answers (q_type,answer) VALUES ('levelofconcern','2');
INSERT 1914157 1
INSERT INTO legal_answers (q_type,answer) VALUES ('levelofconcern','3');
INSERT 1914158 1
INSERT INTO legal_answers (q_type,answer) VALUES ('levelofconcern','4');
INSERT 1914159 1
-- expectations met
INSERT INTO question_types (type,description,multiple,quantitative,bar_chart,html) VALUES ('expectationsmet','Expectations were:',FALSE,TRUE,TRUE,'<table class="expectationsmet">\n  <tr><td>At a high level</td> <td>Met</td> <td>Not met</td> <td>Unsure/don''t know</td> </tr>\n  <tr><td><input type="radio" name="%s" value="1" /></td> <td><input type="radio" name="%s" value="2" /></td> <td><input type="radio" name="%s" value="3" /></td> <td><input type="radio" name="%s" value="4" /></td> </tr></table>');
INSERT 1914160 1
INSERT INTO legal_answers (q_type,answer) VALUES ('expectationsmet','1');
INSERT 1914161 1
INSERT INTO legal_answers (q_type,answer) VALUES ('expectationsmet','2');
INSERT 1914162 1
INSERT INTO legal_answers (q_type,answer) VALUES ('expectationsmet','3');
INSERT 1914163 1
INSERT INTO legal_answers (q_type,answer) VALUES ('expectationsmet','4');
INSERT 1914164 1
-- excellent to poor
INSERT INTO question_types (type,description,multiple,quantitative,bar_chart,html) VALUES ('excellenttopoor','Rating',FALSE,TRUE,TRUE,'<table class="excellenttopoor">\n  <tr><td>Excellent</td> <td>Very good</td> <td>Fair</td> <td>Poor</td> <td>Unsure/Don''t know</td> </tr>\n  <tr><td><input type="radio" name="%s" value="1" /></td> <td><input type="radio" name="%s" value="2" /></td> <td><input type="radio" name="%s" value="3" /></td> <td><input type="radio" name="%s" value="4" /></td> </tr></table>');
INSERT 1914165 1
INSERT INTO legal_answers (q_type,answer) VALUES ('excellenttopoor','1');
INSERT 1914166 1
INSERT INTO legal_answers (q_type,answer) VALUES ('excellenttopoor','2');
INSERT 1914167 1
INSERT INTO legal_answers (q_type,answer) VALUES ('excellenttopoor','3');
INSERT 1914168 1
INSERT INTO legal_answers (q_type,answer) VALUES ('excellenttopoor','4');
INSERT 1914169 1
-- excellent to poor, including non-participation
INSERT INTO question_types (type,description,multiple,quantitative,bar_chart,html) VALUES ('excellenttopoorwithnonparticipation','Rating',FALSE,TRUE,TRUE,'<table class="excellenttopoorwithnonparticipation">\n  <tr><td>Excellent</td> <td>Very good</td> <td>Fair</td> <td>Poor</td> <td>I did not use this service</td> </tr>\n  <tr><td><input type="radio" name="%s" value="1" /></td> <td><input type="radio" name="%s" value="2" /></td> <td><input type="radio" name="%s" value="3" /></td> <td><input type="radio" name="%s" value="4" /></td> </tr></table>');
INSERT 1914170 1
INSERT INTO legal_answers (q_type,answer) VALUES ('excellenttopoorwithnonparticipation','1');
INSERT 1914171 1
INSERT INTO legal_answers (q_type,answer) VALUES ('excellenttopoorwithnonparticipation','2');
INSERT 1914172 1
INSERT INTO legal_answers (q_type,answer) VALUES ('excellenttopoorwithnonparticipation','3');
INSERT 1914173 1
INSERT INTO legal_answers (q_type,answer) VALUES ('excellenttopoorwithnonparticipation','4');
INSERT 1914174 1
-- one to ten
INSERT INTO question_types (type,description,multiple,quantitative,bar_chart,html) VALUES ('ontotenonechecked','One to Ten, One prechecked',FALSE,TRUE,TRUE,'<table class="onetoten">\n  <tr><td>One</td> <td></td> <td></td> <td></td> <td>Five</td> <td></td> <td></td> <td></td> <td></td> <td>Ten</td></tr>\n  <tr><td><input type="radio" name="%s" value="1" checked="checked" /></td> <td><input type="radio" name="%s" value="2" /></td> <td><input type="radio" name="%s" value="3" /></td> <td><input type="radio" name="%s" value="4" /></td> <td><input type="radio" name="%s" value="5" /></td> <td><input type="radio" name="%s" value="6" /></td> <td><input type="radio" name="%s" value="7" /></td> <td><input type="radio" name="%s" value="8" /></td> <td><input type="radio" name="%s" value="9" /></td> <td><input type="radio" name="%s" value="10" /></td> </tr></table>');
INSERT 1914175 1
INSERT INTO legal_answers (q_type,answer) VALUES ('ontotenonechecked','1');
INSERT 1914176 1
INSERT INTO legal_answers (q_type,answer) VALUES ('ontotenonechecked','2');
INSERT 1914177 1
INSERT INTO legal_answers (q_type,answer) VALUES ('ontotenonechecked','3');
INSERT 1914178 1
INSERT INTO legal_answers (q_type,answer) VALUES ('ontotenonechecked','4');
INSERT 1914179 1
INSERT INTO legal_answers (q_type,answer) VALUES ('ontotenonechecked','5');
INSERT 1914180 1
INSERT INTO legal_answers (q_type,answer) VALUES ('ontotenonechecked','6');
INSERT 1914181 1
INSERT INTO legal_answers (q_type,answer) VALUES ('ontotenonechecked','7');
INSERT 1914182 1
INSERT INTO legal_answers (q_type,answer) VALUES ('ontotenonechecked','8');
INSERT 1914183 1
INSERT INTO legal_answers (q_type,answer) VALUES ('ontotenonechecked','9');
INSERT 1914184 1
INSERT INTO legal_answers (q_type,answer) VALUES ('ontotenonechecked','10');
INSERT 1914185 1
INSERT INTO question_types (type,description,multiple,quantitative,bar_chart,html) VALUES ('ontotenfivechecked','One to Ten, Five prechecked',FALSE,TRUE,TRUE,'<table class="ontoten">\n  <tr><td>One</td> <td></td> <td></td> <td></td> <td>Five</td> <td></td> <td></td> <td></td> <td></td> <td>Ten</td></tr>\n  <tr><td><input type="radio" name="%s" value="1" /></td> <td><input type="radio" name="%s" value="2" /></td> <td><input type="radio" name="%s" value="3" /></td> <td><input type="radio" name="%s" value="4" /></td> <td><input type="radio" name="%s" value="5" checked="checked" /></td> <td><input type="radio" name="%s" value="6" /></td> <td><input type="radio" name="%s" value="7" /></td> <td><input type="radio" name="%s" value="8" /></td> <td><input type="radio" name="%s" value="9" /></td> <td><input type="radio" name="%s" value="10" /></td> </tr></table>');
INSERT 1914186 1
INSERT INTO legal_answers (q_type,answer) VALUES ('ontotenfivechecked','1');
INSERT 1914187 1
INSERT INTO legal_answers (q_type,answer) VALUES ('ontotenfivechecked','2');
INSERT 1914188 1
INSERT INTO legal_answers (q_type,answer) VALUES ('ontotenfivechecked','3');
INSERT 1914189 1
INSERT INTO legal_answers (q_type,answer) VALUES ('ontotenfivechecked','4');
INSERT 1914190 1
INSERT INTO legal_answers (q_type,answer) VALUES ('ontotenfivechecked','5');
INSERT 1914191 1
INSERT INTO legal_answers (q_type,answer) VALUES ('ontotenfivechecked','6');
INSERT 1914192 1
INSERT INTO legal_answers (q_type,answer) VALUES ('ontotenfivechecked','7');
INSERT 1914193 1
INSERT INTO legal_answers (q_type,answer) VALUES ('ontotenfivechecked','8');
INSERT 1914194 1
INSERT INTO legal_answers (q_type,answer) VALUES ('ontotenfivechecked','9');
INSERT 1914195 1
INSERT INTO legal_answers (q_type,answer) VALUES ('ontotenfivechecked','10');
INSERT 1914196 1
INSERT INTO question_types (type,description,multiple,quantitative,bar_chart,html) VALUES ('ontotentenchecked','One to Ten, Ten prechecked',FALSE,TRUE,TRUE,'<table class="onetoten">\n  <tr><td>One</td> <td></td> <td></td> <td></td> <td>Five</td> <td></td> <td></td> <td></td> <td></td> <td>Ten</td></tr>\n  <tr><td><input type="radio" name="%s" value="1" /></td> <td><input type="radio" name="%s" value="2" /></td> <td><input type="radio" name="%s" value="3" /></td> <td><input type="radio" name="%s" value="4" /></td> <td><input type="radio" name="%s" value="5" /></td> <td><input type="radio" name="%s" value="6" /></td> <td><input type="radio" name="%s" value="7" /></td> <td><input type="radio" name="%s" value="8" /></td> <td><input type="radio" name="%s" value="9" /></td> <td><input type="radio" name="%s" value="10" checked="checked" /></td> </tr></table>');
INSERT 1914197 1
INSERT INTO legal_answers (q_type,answer) VALUES ('ontotentenchecked','1');
INSERT 1914198 1
INSERT INTO legal_answers (q_type,answer) VALUES ('ontotentenchecked','2');
INSERT 1914199 1
INSERT INTO legal_answers (q_type,answer) VALUES ('ontotentenchecked','3');
INSERT 1914200 1
INSERT INTO legal_answers (q_type,answer) VALUES ('ontotentenchecked','4');
INSERT 1914201 1
INSERT INTO legal_answers (q_type,answer) VALUES ('ontotentenchecked','5');
INSERT 1914202 1
INSERT INTO legal_answers (q_type,answer) VALUES ('ontotentenchecked','6');
INSERT 1914203 1
INSERT INTO legal_answers (q_type,answer) VALUES ('ontotentenchecked','7');
INSERT 1914204 1
INSERT INTO legal_answers (q_type,answer) VALUES ('ontotentenchecked','8');
INSERT 1914205 1
INSERT INTO legal_answers (q_type,answer) VALUES ('ontotentenchecked','9');
INSERT 1914206 1
INSERT INTO legal_answers (q_type,answer) VALUES ('ontotentenchecked','10');
INSERT 1914207 1
-- one to five, Lo to High
INSERT INTO question_types (type,description,multiple,quantitative,bar_chart,html) VALUES ('ontofivelotohigh','One to Five, Lo to High, none prechecked',FALSE,TRUE,TRUE,'<table class="onetofive">\n  <tr><td>Lo</td> <td></td> <td></td> <td></td> <td>High</td> </tr>\n <tr><td>1</td> <td>2</td> <td>3</td> <td>4</td> <td>5</td></tr>\n  <tr><td><input type="radio" name="%s" value="1" /></td> <td><input type="radio" name="%s" value="2" /></td> <td><input type="radio" name="%s" value="3" /></td> <td><input type="radio" name="%s" value="4" /></td> <td><input type="radio" name="%s" value="5" /></td></tr></table>');
INSERT 1914208 1
INSERT INTO legal_answers (q_type,answer) VALUES ('ontofivelotohigh','1');
INSERT 1914209 1
INSERT INTO legal_answers (q_type,answer) VALUES ('ontofivelotohigh','2');
INSERT 1914210 1
INSERT INTO legal_answers (q_type,answer) VALUES ('ontofivelotohigh','3');
INSERT 1914211 1
INSERT INTO legal_answers (q_type,answer) VALUES ('ontofivelotohigh','4');
INSERT 1914212 1
INSERT INTO legal_answers (q_type,answer) VALUES ('ontofivelotohigh','5');
INSERT 1914213 1
-- one to five
INSERT INTO question_types (type,description,multiple,quantitative,bar_chart,html) VALUES ('ontofive','One to Five, none prechecked',FALSE,TRUE,TRUE,'<table class="onetofive">\n  <tr><td>1</td> <td>2</td> <td>3</td> <td>4</td> <td>5</td></tr>\n  <tr><td><input type="radio" name="%s" value="1" /></td> <td><input type="radio" name="%s" value="2" /></td> <td><input type="radio" name="%s" value="3" /></td> <td><input type="radio" name="%s" value="4" /></td> <td><input type="radio" name="%s" value="5" /></td></tr></table>');
INSERT 1914214 1
INSERT INTO legal_answers (q_type,answer) VALUES ('ontofive','1');
INSERT 1914215 1
INSERT INTO legal_answers (q_type,answer) VALUES ('ontofive','2');
INSERT 1914216 1
INSERT INTO legal_answers (q_type,answer) VALUES ('ontofive','3');
INSERT 1914217 1
INSERT INTO legal_answers (q_type,answer) VALUES ('ontofive','4');
INSERT 1914218 1
INSERT INTO legal_answers (q_type,answer) VALUES ('ontofive','5');
INSERT 1914219 1
-- one to five, Not True to True
INSERT INTO question_types (type,description,multiple,quantitative,bar_chart,html) VALUES ('ontofivenottruetotrue','One to Five, Not True to True, none prechecked',FALSE,TRUE,TRUE,'<table class="onetofive">\n  <tr><td>Not True</td> <td></td> <td></td> <td></td> <td>Very</td> </tr>\n <tr><td>at all</td> <td></td> <td></td> <td></td> <td>True</td> </tr>\n <tr><td>1</td> <td>2</td> <td>3</td> <td>4</td> <td>5</td></tr>\n  <tr><td><input type="radio" name="%s" value="1" /></td> <td><input type="radio" name="%s" value="2" /></td> <td><input type="radio" name="%s" value="3" /></td> <td><input type="radio" name="%s" value="4" /></td> <td><input type="radio" name="%s" value="5" /></td></tr></table>');
INSERT 1914220 1
INSERT INTO legal_answers (q_type,answer) VALUES ('ontofivenottruetotrue','1');
INSERT 1914221 1
INSERT INTO legal_answers (q_type,answer) VALUES ('ontofivenottruetotrue','2');
INSERT 1914222 1
INSERT INTO legal_answers (q_type,answer) VALUES ('ontofivenottruetotrue','3');
INSERT 1914223 1
INSERT INTO legal_answers (q_type,answer) VALUES ('ontofivenottruetotrue','4');
INSERT 1914224 1
INSERT INTO legal_answers (q_type,answer) VALUES ('ontofivenottruetotrue','5');
INSERT 1914225 1
-- daily, weekly, monthly
INSERT INTO question_types (type,description,multiple,quantitative,bar_chart,html) VALUES ('dwmdaychecked','Daily or weekly or monthly, Daily checked',FALSE,FALSE,TRUE,'<table class="dwm"><tr><td>Daily</td> <td>Weekly</td> <td>Monthly</td> <td>Rarely</td> <td>Never</td></tr>\n  <tr><td><input type="radio" name="%s" value="daily" checked="checked" /></td> <td><input type="radio" name="%s" value="weekly" /></td> <td><input type="radio" name="%s" value="monthly" /></td> <td><input type="radio" name="%s" value="rarely" /></td> <td><input type="radio" name="%s" value="never" /></td></tr></table>');
INSERT 1914226 1
INSERT INTO legal_answers (q_type,answer) VALUES ('dwmdaychecked','daily');
INSERT 1914227 1
INSERT INTO legal_answers (q_type,answer) VALUES ('dwmdaychecked','weekly');
INSERT 1914228 1
INSERT INTO legal_answers (q_type,answer) VALUES ('dwmdaychecked','monthly');
INSERT 1914229 1
INSERT INTO legal_answers (q_type,answer) VALUES ('dwmdaychecked','rarely');
INSERT 1914230 1
INSERT INTO legal_answers (q_type,answer) VALUES ('dwmdaychecked','never');
INSERT 1914231 1
INSERT INTO question_types (type,description,multiple,quantitative,bar_chart,html) VALUES ('dwmneverchecked','Daily or weekly or monthly, Never checked',FALSE,FALSE,TRUE,'<table class="dwm"><tr><td>Daily</td> <td>Weekly</td> <td>Monthly</td> <td>Rarely</td> <td>Never</td></tr>\n  <tr><td><input type="radio" name="%s" value="daily" /></td> <td><input type="radio" name="%s" value="weekly" /></td> <td><input type="radio" name="%s" value="monthly" /></td> <td><input type="radio" name="%s" value="rarely" /></td> <td><input type="radio" name="%s" value="never"  checked="checked" /></td></tr></table>');
INSERT 1914232 1
INSERT INTO legal_answers (q_type,answer) VALUES ('dwmneverchecked','daily');
INSERT 1914233 1
INSERT INTO legal_answers (q_type,answer) VALUES ('dwmneverchecked','weekly');
INSERT 1914234 1
INSERT INTO legal_answers (q_type,answer) VALUES ('dwmneverchecked','monthly');
INSERT 1914235 1
INSERT INTO legal_answers (q_type,answer) VALUES ('dwmneverchecked','rarely');
INSERT 1914236 1
INSERT INTO legal_answers (q_type,answer) VALUES ('dwmneverchecked','never');
INSERT 1914237 1
-- gender
INSERT INTO question_types (type,description,multiple,quantitative,bar_chart,html) VALUES ('gender','Gender',FALSE,FALSE,TRUE,'<table class="gender"><tr><td>Female</td> <td>Male</td></tr>\n  <tr><td><input type="radio" name="%s" value="female" /></td> <td><input type="radio" name="%s" value="male" /></td></tr></table>');
INSERT 1914238 1
INSERT INTO legal_answers (q_type,answer) VALUES ('gender','female');
INSERT 1914239 1
INSERT INTO legal_answers (q_type,answer) VALUES ('gender','male');
INSERT 1914240 1
-- class
INSERT INTO question_types (type,description,multiple,quantitative,bar_chart,html) VALUES ('class','Class, none prechecked',FALSE,TRUE,TRUE,'<table class="class">\n  <tr><td>First-year</td> <td>Sophmore</td> <td>Junior</td> <td>Senior</td> </tr>\n  <tr><td><input type="radio" name="%s" value="1" /></td> <td><input type="radio" name="%s" value="2" /></td> <td><input type="radio" name="%s" value="3" /></td> <td><input type="radio" name="%s" value="4" /></td> </tr></table>');
INSERT 1914241 1
INSERT INTO legal_answers (q_type,answer) VALUES ('class','1');
INSERT 1914242 1
INSERT INTO legal_answers (q_type,answer) VALUES ('class','2');
INSERT 1914243 1
INSERT INTO legal_answers (q_type,answer) VALUES ('class','3');
INSERT 1914244 1
INSERT INTO legal_answers (q_type,answer) VALUES ('class','4');
INSERT 1914245 1
-- class (no seniors)
INSERT INTO question_types (type,description,multiple,quantitative,bar_chart,html) VALUES ('class (no seniors)','Class, no seniors, none prechecked',FALSE,TRUE,TRUE,'<table class="class">\n  <tr><td>First-year</td> <td>Sophmore</td> <td>Junior</td> </tr>\n  <tr><td><input type="radio" name="%s" value="1" /></td> <td><input type="radio" name="%s" value="2" /></td> <td><input type="radio" name="%s" value="3" /></td> </tr></table>');
INSERT 1914246 1
INSERT INTO legal_answers (q_type,answer) VALUES ('class','1');
INSERT INTO legal_answers (q_type,answer) VALUES ('class','2');
INSERT INTO legal_answers (q_type,answer) VALUES ('class','3');
-- gpa
INSERT INTO question_types (type,description,multiple,quantitative,bar_chart,html) VALUES ('gpa','GPA',FALSE,TRUE,TRUE,'<table class="gpa"><tr><td>4.0-3.5</td> <td>3.4-3.0</td> <td>2.9-2.5</td> <td>less than 2.5</td></tr>\n  <tr><td><input type="radio" name="%s" value="4.0-3.5" /></td> <td><input type="radio" name="%s" value="3.4-3.0" /></td> <td><input type="radio" name="%s" value="2.9-2.5" /></td> <td><input type="radio" name="%s" value="less than 2.5" /></td></tr></table>');
INSERT 1914250 1
INSERT INTO legal_answers (q_type,answer) VALUES ('gpa','4.0-3.5');
INSERT 1914251 1
INSERT INTO legal_answers (q_type,answer) VALUES ('gpa','3.4-3.0');
INSERT 1914252 1
INSERT INTO legal_answers (q_type,answer) VALUES ('gpa','2.9-2.5');
INSERT 1914253 1
INSERT INTO legal_answers (q_type,answer) VALUES ('gpa','less than 2.5');
INSERT 1914254 1
-- meeting type
INSERT INTO question_types (type,description,multiple,quantitative,bar_chart,html) VALUES ('meetingtype','Meeting type',FALSE,FALSE,TRUE,'<table class="meetingtype"><tr><td>Individual</td> <td>Group</td></tr>\n  <tr><td><input type="radio" name="%s" value="individual" /></td> <td><input type="radio" name="%s" value="group" /></td></tr></table>');
INSERT 1914255 1
INSERT INTO legal_answers (q_type,answer) VALUES ('meeting type','individual');
INSERT INTO legal_answers (q_type,answer) VALUES ('meeting type','group');
-- meeting time
INSERT INTO question_types (type,description,multiple,quantitative,bar_chart,html) VALUES ('meetingtime','Meeting time',FALSE,TRUE,TRUE,'<table class="meetingtime">\n  <tr><td></td> <td>Less than</td> <td>two-five</td> <td>six-ten</td> <td>more than</td> </tr>\n <tr><td>None</td> <td>one hour</td> <td>hours</td> <td>hours</td> <td>ten hours</td> </tr>\n <tr><td><input type="radio" name="%s" value="0" /></td> <td><input type="radio" name="%s" value="1" /></td> <td><input type="radio" name="%s" value="3.5" /></td> <td><input type="radio" name="%s" value="8" /></td> <td><input type="radio" name="%s" value="10" /></td></tr></table>');
INSERT 1914258 1
INSERT INTO legal_answers (q_type,answer) VALUES ('ontofivenottruetotrue','0');
INSERT 1914259 1
INSERT INTO legal_answers (q_type,answer) VALUES ('ontofivenottruetotrue','1');
INSERT INTO legal_answers (q_type,answer) VALUES ('ontofivenottruetotrue','3.5');
INSERT 1914261 1
INSERT INTO legal_answers (q_type,answer) VALUES ('ontofivenottruetotrue','8');
INSERT 1914262 1
INSERT INTO legal_answers (q_type,answer) VALUES ('ontofivenottruetotrue','10');
INSERT 1914263 1
-- highest level of education
INSERT INTO question_types (type,description,multiple,quantitative,bar_chart,html) VALUES ('highesteducation','Highest level of education',FALSE,TRUE,TRUE,'<table class="highesteducation">\n  <tr><td>Bachelor''s degree (B.A., B.S., etc.)</td> <td><input type="radio" name="%s" value="bachelors" /></td></tr>\n  <tr><td>Master''s degree (M.A., M.S., etc.)</td> <td><input type="radio" name="%s" value="masters" /></td></tr>\n  <tr><td>M.B.A.</td> <td><input type="radio" name="%s" value="mba" /></td></tr>\n  <tr><td>Bachelor''s degree (B.A., B.S., etc.)</td> <td><input type="radio" name="%s" value="bachelors" /></td></tr>\n  <tr><td>Medical degree (M.D, D.O., D.D.S., D.V.M., etc.)</td> <td><input type="radio" name="%s" value="medical" /></td></tr>\n  <tr><td>Law degree (L.L.B, J.D., etc.)</td> <td><input type="radio" name="%s" value="law" /></td></tr>\n  <tr><td>Other</td> <td><input type="radio" name="%s" value="other" /></td></tr>\n</table>');
INSERT 1914264 1
INSERT INTO legal_answers (q_type,answer) VALUES ('highesteducation','bachelors');
INSERT 1914265 1
INSERT INTO legal_answers (q_type,answer) VALUES ('highesteducation','masters');
INSERT 1914266 1
INSERT INTO legal_answers (q_type,answer) VALUES ('highesteducation','mba');
INSERT 1914267 1
INSERT INTO legal_answers (q_type,answer) VALUES ('highesteducation','phd');
INSERT 1914268 1
INSERT INTO legal_answers (q_type,answer) VALUES ('highesteducation','medical');
INSERT 1914269 1
INSERT INTO legal_answers (q_type,answer) VALUES ('highesteducation','law');
INSERT 1914270 1
INSERT INTO legal_answers (q_type,answer) VALUES ('highesteducation','other');
INSERT 1914271 1
-- very satisfied to very dissatisfied, vertically written
INSERT INTO question_types (type,description,multiple,quantitative,bar_chart,html) VALUES ('satisfactionvertical','Satisfaction level, vertical',FALSE,TRUE,TRUE,'<table class="satisfactionvertical">\n  <tr><td>Very satisfied</td> <td><input type="radio" name="%s" value="1" /></td></tr>\n  <tr><td>Satisfied</td> <td><input type="radio" name="%s" value="2" /></td></tr>\n  <tr><td>Neither satisfied nor dissatisfied</td> <td><input type="radio" name="%s" value="3" /></td></tr>\n  <tr><td>Dissatisfied</td> <td><input type="radio" name="%s" value="4" /></td></tr>\n  <tr><td>Very dissatisfied</td> <td><input type="radio" name="%s" value="5" /></td></tr>\n</table>');
INSERT 1914272 1
INSERT INTO legal_answers (q_type,answer) VALUES ('satisfactionvertical','1');
INSERT 1914273 1
INSERT INTO legal_answers (q_type,answer) VALUES ('satisfactionvertical','2');
INSERT 1914274 1
INSERT INTO legal_answers (q_type,answer) VALUES ('satisfactionvertical','3');
INSERT 1914275 1
INSERT INTO legal_answers (q_type,answer) VALUES ('satisfactionvertical','4');
INSERT 1914276 1
INSERT INTO legal_answers (q_type,answer) VALUES ('satisfactionvertical','5');
INSERT 1914277 1
-- definitely to definitely not, vertically written
INSERT INTO question_types (type,description,multiple,quantitative,bar_chart,html) VALUES ('definitelyvertical','Definitelyto Definitely Not, vertical',FALSE,TRUE,TRUE,'<table class="definitelyvertical">\n  <tr><td>Definitely</td> <td><input type="radio" name="%s" value="1" /></td></tr>\n  <tr><td>Probably</td> <td><input type="radio" name="%s" value="2" /></td></tr>\n  <tr><td>Might or might not</td> <td><input type="radio" name="%s" value="3" /></td></tr>\n  <tr><td>Probably not</td> <td><input type="radio" name="%s" value="4" /></td></tr>\n  <tr><td>Definitely not</td> <td><input type="radio" name="%s" value="5" /></td></tr>\n</table>');
INSERT 1914278 1
INSERT INTO legal_answers (q_type,answer) VALUES ('definitelyvertical','1');
INSERT 1914279 1
INSERT INTO legal_answers (q_type,answer) VALUES ('definitelyvertical','2');
INSERT 1914280 1
INSERT INTO legal_answers (q_type,answer) VALUES ('definitelyvertical','3');
INSERT 1914281 1
INSERT INTO legal_answers (q_type,answer) VALUES ('definitelyvertical','4');
INSERT 1914282 1
INSERT INTO legal_answers (q_type,answer) VALUES ('definitelyvertical','5');
INSERT 1914283 1
